This file contains any messages produced by compilers while
running configure, to aid debugging if configure makes a mistake.

It was created by qDecoder configure 12 RELEASE, which was
generated by GNU Autoconf 2.63.  Invocation command line was

  $ ./configure 

## --------- ##
## Platform. ##
## --------- ##

hostname = Turing
uname -m = x86_64
uname -r = 3.2.0-23-generic
uname -s = Linux
uname -v = #36-Ubuntu SMP Tue Apr 10 20:39:51 UTC 2012

/usr/bin/uname -p = unknown
/bin/uname -X     = unknown

/bin/arch              = unknown
/usr/bin/arch -k       = unknown
/usr/convex/getsysinfo = unknown
/usr/bin/hostinfo      = unknown
/bin/machine           = unknown
/usr/bin/oslevel       = unknown
/bin/universe          = unknown

PATH: /home/ethan/.gvm/vertx/current/bin
PATH: /home/ethan/.gvm/springboot/current/bin
PATH: /home/ethan/.gvm/lazybones/current/bin
PATH: /home/ethan/.gvm/groovyserv/current/bin
PATH: /home/ethan/.gvm/groovy/current/bin
PATH: /home/ethan/.gvm/griffon/current/bin
PATH: /home/ethan/.gvm/grails/current/bin
PATH: /home/ethan/.gvm/gradle/current/bin
PATH: /home/ethan/.gvm/gaiden/current/bin
PATH: /home/ethan/.rvm/gems/ruby-1.9.3-p545/bin
PATH: /opt/QtSDK/Desktop/Qt/5.2.1/gcc/bin
PATH: /usr/local/sbin
PATH: /usr/local/bin
PATH: /usr/sbin
PATH: /usr/bin
PATH: /sbin
PATH: /bin
PATH: /usr/games
PATH: /opt/mysql/server-5.6/bin
PATH: /usr/lib/jvm/java-6-openjdk/bin
PATH: /home/ethan/Documents/grails-2.2.2/bin
PATH: /home/ethan/Documents/google_appengine/
PATH: /home/ethan/Programming/C/timecatcher/
PATH: /home/ethan/home/ethan/Programming/scripts


## ----------- ##
## Core tests. ##
## ----------- ##

configure:1923: checking for gcc
configure:1939: found /usr/bin/gcc
configure:1950: result: gcc
configure:2182: checking for C compiler version
configure:2190: gcc --version >&5
gcc (Ubuntu/Linaro 4.6.3-1ubuntu5) 4.6.3
Copyright (C) 2011 Free Software Foundation, Inc.
This is free software; see the source for copying conditions.  There is NO
warranty; not even for MERCHANTABILITY or FITNESS FOR A PARTICULAR PURPOSE.

configure:2194: $? = 0
configure:2201: gcc -v >&5
Using built-in specs.
COLLECT_GCC=gcc
COLLECT_LTO_WRAPPER=/usr/lib/gcc/x86_64-linux-gnu/4.6/lto-wrapper
Target: x86_64-linux-gnu
Configured with: ../src/configure -v --with-pkgversion='Ubuntu/Linaro 4.6.3-1ubuntu5' --with-bugurl=file:///usr/share/doc/gcc-4.6/README.Bugs --enable-languages=c,c++,fortran,objc,obj-c++ --prefix=/usr --program-suffix=-4.6 --enable-shared --enable-linker-build-id --with-system-zlib --libexecdir=/usr/lib --without-included-gettext --enable-threads=posix --with-gxx-include-dir=/usr/include/c++/4.6 --libdir=/usr/lib --enable-nls --with-sysroot=/ --enable-clocale=gnu --enable-libstdcxx-debug --enable-libstdcxx-time=yes --enable-gnu-unique-object --enable-plugin --enable-objc-gc --disable-werror --with-arch-32=i686 --with-tune=generic --enable-checking=release --build=x86_64-linux-gnu --host=x86_64-linux-gnu --target=x86_64-linux-gnu
Thread model: posix
gcc version 4.6.3 (Ubuntu/Linaro 4.6.3-1ubuntu5) 
configure:2205: $? = 0
configure:2212: gcc -V >&5
gcc: error: unrecognized option '-V'
gcc: fatal error: no input files
compilation terminated.
configure:2216: $? = 4
configure:2239: checking for C compiler default output file name
configure:2261: gcc   -I/usr/include -I/usr/local/include -I./ -D_GNU_SOURCE  -L/usr/lib -L/usr/local/lib conftest.c  >&5
configure:2265: $? = 0
configure:2303: result: a.out
configure:2322: checking whether the C compiler works
configure:2332: ./a.out
configure:2336: $? = 0
configure:2355: result: yes
configure:2362: checking whether we are cross compiling
configure:2364: result: no
configure:2367: checking for suffix of executables
configure:2374: gcc -o conftest   -I/usr/include -I/usr/local/include -I./ -D_GNU_SOURCE  -L/usr/lib -L/usr/local/lib conftest.c  >&5
configure:2378: $? = 0
configure:2404: result: 
configure:2410: checking for suffix of object files
configure:2436: gcc -c   -I/usr/include -I/usr/local/include -I./ -D_GNU_SOURCE conftest.c >&5
configure:2440: $? = 0
configure:2465: result: o
configure:2469: checking whether we are using the GNU C compiler
configure:2498: gcc -c   -I/usr/include -I/usr/local/include -I./ -D_GNU_SOURCE conftest.c >&5
configure:2505: $? = 0
configure:2522: result: yes
configure:2531: checking whether gcc accepts -g
configure:2561: gcc -c -g  -I/usr/include -I/usr/local/include -I./ -D_GNU_SOURCE conftest.c >&5
configure:2568: $? = 0
configure:2669: result: yes
configure:2686: checking for gcc option to accept ISO C89
configure:2760: gcc  -c -g -O2  -I/usr/include -I/usr/local/include -I./ -D_GNU_SOURCE conftest.c >&5
configure:2767: $? = 0
configure:2790: result: none needed
configure:2813: checking for gcc option to accept ISO C99
configure:2972: gcc  -c -Wall -fPIC  -I/usr/include -I/usr/local/include -I./ -D_GNU_SOURCE conftest.c >&5
conftest.c:58:29: error: expected ';', ',' or ')' before 'text'
conftest.c: In function 'test_varargs':
conftest.c:79:9: warning: variable 'fnumber' set but not used [-Wunused-but-set-variable]
conftest.c:78:7: warning: variable 'number' set but not used [-Wunused-but-set-variable]
conftest.c:77:15: warning: variable 'str' set but not used [-Wunused-but-set-variable]
conftest.c: In function 'main':
conftest.c:110:3: warning: implicit declaration of function 'test_restrict' [-Wimplicit-function-declaration]
conftest.c:112:18: error: expected '=', ',', ';', 'asm' or '__attribute__' before 'newvar'
conftest.c:112:18: error: 'newvar' undeclared (first use in this function)
conftest.c:112:18: note: each undeclared identifier is reported only once for each function it appears in
conftest.c:122:3: error: 'for' loop initial declarations are only allowed in C99 mode
conftest.c:122:3: note: use option -std=c99 or -std=gnu99 to compile your code
configure:2979: $? = 1
configure: failed program was:
| /* confdefs.h.  */
| #define PACKAGE_NAME "qDecoder"
| #define PACKAGE_TARNAME "qdecoder"
| #define PACKAGE_VERSION "12 RELEASE"
| #define PACKAGE_STRING "qDecoder 12 RELEASE"
| #define PACKAGE_BUGREPORT "http://www.qdecoder.org/"
| /* end confdefs.h.  */
| #include <stdarg.h>
| #include <stdbool.h>
| #include <stdlib.h>
| #include <wchar.h>
| #include <stdio.h>
| 
| // Check varargs macros.  These examples are taken from C99 6.10.3.5.
| #define debug(...) fprintf (stderr, __VA_ARGS__)
| #define showlist(...) puts (#__VA_ARGS__)
| #define report(test,...) ((test) ? puts (#test) : printf (__VA_ARGS__))
| static void
| test_varargs_macros (void)
| {
|   int x = 1234;
|   int y = 5678;
|   debug ("Flag");
|   debug ("X = %d\n", x);
|   showlist (The first, second, and third items.);
|   report (x>y, "x is %d but y is %d", x, y);
| }
| 
| // Check long long types.
| #define BIG64 18446744073709551615ull
| #define BIG32 4294967295ul
| #define BIG_OK (BIG64 / BIG32 == 4294967297ull && BIG64 % BIG32 == 0)
| #if !BIG_OK
|   your preprocessor is broken;
| #endif
| #if BIG_OK
| #else
|   your preprocessor is broken;
| #endif
| static long long int bignum = -9223372036854775807LL;
| static unsigned long long int ubignum = BIG64;
| 
| struct incomplete_array
| {
|   int datasize;
|   double data[];
| };
| 
| struct named_init {
|   int number;
|   const wchar_t *name;
|   double average;
| };
| 
| typedef const char *ccp;
| 
| static inline int
| test_restrict (ccp restrict text)
| {
|   // See if C++-style comments work.
|   // Iterate through items via the restricted pointer.
|   // Also check for declarations in for loops.
|   for (unsigned int i = 0; *(text+i) != '\0'; ++i)
|     continue;
|   return 0;
| }
| 
| // Check varargs and va_copy.
| static void
| test_varargs (const char *format, ...)
| {
|   va_list args;
|   va_start (args, format);
|   va_list args_copy;
|   va_copy (args_copy, args);
| 
|   const char *str;
|   int number;
|   float fnumber;
| 
|   while (*format)
|     {
|       switch (*format++)
| 	{
| 	case 's': // string
| 	  str = va_arg (args_copy, const char *);
| 	  break;
| 	case 'd': // int
| 	  number = va_arg (args_copy, int);
| 	  break;
| 	case 'f': // float
| 	  fnumber = va_arg (args_copy, double);
| 	  break;
| 	default:
| 	  break;
| 	}
|     }
|   va_end (args_copy);
|   va_end (args);
| }
| 
| int
| main ()
| {
| 
|   // Check bool.
|   _Bool success = false;
| 
|   // Check restrict.
|   if (test_restrict ("String literal") == 0)
|     success = true;
|   char *restrict newvar = "Another string";
| 
|   // Check varargs.
|   test_varargs ("s, d' f .", "string", 65, 34.234);
|   test_varargs_macros ();
| 
|   // Check flexible array members.
|   struct incomplete_array *ia =
|     malloc (sizeof (struct incomplete_array) + (sizeof (double) * 10));
|   ia->datasize = 10;
|   for (int i = 0; i < ia->datasize; ++i)
|     ia->data[i] = i * 1.234;
| 
|   // Check named initializers.
|   struct named_init ni = {
|     .number = 34,
|     .name = L"Test wide string",
|     .average = 543.34343,
|   };
| 
|   ni.number = 58;
| 
|   int dynamic_array[ni.number];
|   dynamic_array[ni.number - 1] = 543;
| 
|   // work around unused variable warnings
|   return (!success || bignum == 0LL || ubignum == 0uLL || newvar[0] == 'x'
| 	  || dynamic_array[ni.number - 1] != 543);
| 
|   ;
|   return 0;
| }
configure:2972: gcc -std=gnu99 -c -Wall -fPIC  -I/usr/include -I/usr/local/include -I./ -D_GNU_SOURCE conftest.c >&5
conftest.c: In function 'test_varargs':
conftest.c:79:9: warning: variable 'fnumber' set but not used [-Wunused-but-set-variable]
conftest.c:78:7: warning: variable 'number' set but not used [-Wunused-but-set-variable]
conftest.c:77:15: warning: variable 'str' set but not used [-Wunused-but-set-variable]
configure:2979: $? = 0
configure:3009: result: -std=gnu99
configure:3070: checking for a BSD-compatible install
configure:3138: result: /usr/bin/install -c
configure:3149: checking whether ln -s works
configure:3153: result: yes
configure:3160: checking whether make sets $(MAKE)
configure:3182: result: yes
configure:3234: checking for ranlib
configure:3250: found /usr/bin/ranlib
configure:3261: result: ranlib
configure:3286: checking for ar
configure:3304: found /usr/bin/ar
configure:3316: result: /usr/bin/ar
configure:3326: checking for chmod
configure:3344: found /bin/chmod
configure:3356: result: /bin/chmod
configure:3366: checking for ld
configure:3384: found /usr/bin/ld
configure:3396: result: /usr/bin/ld
configure:3406: checking for rm
configure:3424: found /bin/rm
configure:3436: result: /bin/rm
configure:3452: checking how to run the C preprocessor
configure:3492: gcc -std=gnu99 -E  -I/usr/include -I/usr/local/include -I./ -D_GNU_SOURCE conftest.c
configure:3499: $? = 0
configure:3530: gcc -std=gnu99 -E  -I/usr/include -I/usr/local/include -I./ -D_GNU_SOURCE conftest.c
conftest.c:8:28: fatal error: ac_nonexistent.h: No such file or directory
compilation terminated.
configure:3537: $? = 1
configure: failed program was:
| /* confdefs.h.  */
| #define PACKAGE_NAME "qDecoder"
| #define PACKAGE_TARNAME "qdecoder"
| #define PACKAGE_VERSION "12 RELEASE"
| #define PACKAGE_STRING "qDecoder 12 RELEASE"
| #define PACKAGE_BUGREPORT "http://www.qdecoder.org/"
| /* end confdefs.h.  */
| #include <ac_nonexistent.h>
configure:3570: result: gcc -std=gnu99 -E
configure:3599: gcc -std=gnu99 -E  -I/usr/include -I/usr/local/include -I./ -D_GNU_SOURCE conftest.c
configure:3606: $? = 0
configure:3637: gcc -std=gnu99 -E  -I/usr/include -I/usr/local/include -I./ -D_GNU_SOURCE conftest.c
conftest.c:8:28: fatal error: ac_nonexistent.h: No such file or directory
compilation terminated.
configure:3644: $? = 1
configure: failed program was:
| /* confdefs.h.  */
| #define PACKAGE_NAME "qDecoder"
| #define PACKAGE_TARNAME "qdecoder"
| #define PACKAGE_VERSION "12 RELEASE"
| #define PACKAGE_STRING "qDecoder 12 RELEASE"
| #define PACKAGE_BUGREPORT "http://www.qdecoder.org/"
| /* end confdefs.h.  */
| #include <ac_nonexistent.h>
configure:3684: checking for grep that handles long lines and -e
configure:3744: result: /bin/grep
configure:3749: checking for egrep
configure:3813: result: /bin/grep -E
configure:3818: checking for ANSI C header files
configure:3848: gcc -std=gnu99 -c -Wall -fPIC  -I/usr/include -I/usr/local/include -I./ -D_GNU_SOURCE conftest.c >&5
configure:3855: $? = 0
configure:3954: gcc -std=gnu99 -o conftest -Wall -fPIC  -I/usr/include -I/usr/local/include -I./ -D_GNU_SOURCE  -L/usr/lib -L/usr/local/lib conftest.c  >&5
configure:3958: $? = 0
configure:3964: ./conftest
configure:3968: $? = 0
configure:3986: result: yes
configure:4010: checking for sys/types.h
configure:4031: gcc -std=gnu99 -c -Wall -fPIC  -I/usr/include -I/usr/local/include -I./ -D_GNU_SOURCE conftest.c >&5
configure:4038: $? = 0
configure:4055: result: yes
configure:4010: checking for sys/stat.h
configure:4031: gcc -std=gnu99 -c -Wall -fPIC  -I/usr/include -I/usr/local/include -I./ -D_GNU_SOURCE conftest.c >&5
configure:4038: $? = 0
configure:4055: result: yes
configure:4010: checking for stdlib.h
configure:4031: gcc -std=gnu99 -c -Wall -fPIC  -I/usr/include -I/usr/local/include -I./ -D_GNU_SOURCE conftest.c >&5
configure:4038: $? = 0
configure:4055: result: yes
configure:4010: checking for string.h
configure:4031: gcc -std=gnu99 -c -Wall -fPIC  -I/usr/include -I/usr/local/include -I./ -D_GNU_SOURCE conftest.c >&5
configure:4038: $? = 0
configure:4055: result: yes
configure:4010: checking for memory.h
configure:4031: gcc -std=gnu99 -c -Wall -fPIC  -I/usr/include -I/usr/local/include -I./ -D_GNU_SOURCE conftest.c >&5
configure:4038: $? = 0
configure:4055: result: yes
configure:4010: checking for strings.h
configure:4031: gcc -std=gnu99 -c -Wall -fPIC  -I/usr/include -I/usr/local/include -I./ -D_GNU_SOURCE conftest.c >&5
configure:4038: $? = 0
configure:4055: result: yes
configure:4010: checking for inttypes.h
configure:4031: gcc -std=gnu99 -c -Wall -fPIC  -I/usr/include -I/usr/local/include -I./ -D_GNU_SOURCE conftest.c >&5
configure:4038: $? = 0
configure:4055: result: yes
configure:4010: checking for stdint.h
configure:4031: gcc -std=gnu99 -c -Wall -fPIC  -I/usr/include -I/usr/local/include -I./ -D_GNU_SOURCE conftest.c >&5
configure:4038: $? = 0
configure:4055: result: yes
configure:4010: checking for unistd.h
configure:4031: gcc -std=gnu99 -c -Wall -fPIC  -I/usr/include -I/usr/local/include -I./ -D_GNU_SOURCE conftest.c >&5
configure:4038: $? = 0
configure:4055: result: yes
configure:4069: checking for stdbool.h that conforms to C99
configure:4164: gcc -std=gnu99 -c -Wall -fPIC  -I/usr/include -I/usr/local/include -I./ -D_GNU_SOURCE conftest.c >&5
conftest.c:45:2: warning: the address of 's' will always evaluate as 'true' [-Waddress]
conftest.c: In function 'main':
conftest.c:89:10: warning: the address of 'a' will always evaluate as 'true' [-Waddress]
conftest.c:89:15: warning: the address of 'b' will always evaluate as 'true' [-Waddress]
conftest.c:89:20: warning: the address of 'c' will always evaluate as 'true' [-Waddress]
conftest.c:89:25: warning: the address of 'd' will always evaluate as 'true' [-Waddress]
conftest.c:89:35: warning: the address of 'f' will always evaluate as 'true' [-Waddress]
conftest.c:89:40: warning: the address of 'g' will always evaluate as 'true' [-Waddress]
conftest.c:89:45: warning: the address of 'h' will always evaluate as 'true' [-Waddress]
conftest.c:89:50: warning: the address of 'i' will always evaluate as 'true' [-Waddress]
conftest.c:90:10: warning: the address of 'n' will always evaluate as 'true' [-Waddress]
conftest.c:90:15: warning: the address of 'o' will always evaluate as 'true' [-Waddress]
conftest.c:90:20: warning: the address of 'p' will always evaluate as 'true' [-Waddress]
configure:4171: $? = 0
configure:4186: result: yes
configure:4188: checking for _Bool
configure:4216: gcc -std=gnu99 -c -Wall -fPIC  -I/usr/include -I/usr/local/include -I./ -D_GNU_SOURCE conftest.c >&5
configure:4223: $? = 0
configure:4250: gcc -std=gnu99 -c -Wall -fPIC  -I/usr/include -I/usr/local/include -I./ -D_GNU_SOURCE conftest.c >&5
conftest.c: In function 'main':
conftest.c:54:20: error: expected expression before ')' token
configure:4257: $? = 1
configure: failed program was:
| /* confdefs.h.  */
| #define PACKAGE_NAME "qDecoder"
| #define PACKAGE_TARNAME "qdecoder"
| #define PACKAGE_VERSION "12 RELEASE"
| #define PACKAGE_STRING "qDecoder 12 RELEASE"
| #define PACKAGE_BUGREPORT "http://www.qdecoder.org/"
| #define STDC_HEADERS 1
| #define HAVE_SYS_TYPES_H 1
| #define HAVE_SYS_STAT_H 1
| #define HAVE_STDLIB_H 1
| #define HAVE_STRING_H 1
| #define HAVE_MEMORY_H 1
| #define HAVE_STRINGS_H 1
| #define HAVE_INTTYPES_H 1
| #define HAVE_STDINT_H 1
| #define HAVE_UNISTD_H 1
| /* end confdefs.h.  */
| #include <stdio.h>
| #ifdef HAVE_SYS_TYPES_H
| # include <sys/types.h>
| #endif
| #ifdef HAVE_SYS_STAT_H
| # include <sys/stat.h>
| #endif
| #ifdef STDC_HEADERS
| # include <stdlib.h>
| # include <stddef.h>
| #else
| # ifdef HAVE_STDLIB_H
| #  include <stdlib.h>
| # endif
| #endif
| #ifdef HAVE_STRING_H
| # if !defined STDC_HEADERS && defined HAVE_MEMORY_H
| #  include <memory.h>
| # endif
| # include <string.h>
| #endif
| #ifdef HAVE_STRINGS_H
| # include <strings.h>
| #endif
| #ifdef HAVE_INTTYPES_H
| # include <inttypes.h>
| #endif
| #ifdef HAVE_STDINT_H
| # include <stdint.h>
| #endif
| #ifdef HAVE_UNISTD_H
| # include <unistd.h>
| #endif
| int
| main ()
| {
| if (sizeof ((_Bool)))
| 	  return 0;
|   ;
|   return 0;
| }
configure:4280: result: yes
configure:4307: checking for dirent.h that defines DIR
configure:4336: gcc -std=gnu99 -c -Wall -fPIC  -I/usr/include -I/usr/local/include -I./ -D_GNU_SOURCE conftest.c >&5
configure:4343: $? = 0
configure:4360: result: yes
configure:4375: checking for library containing opendir
configure:4416: gcc -std=gnu99 -o conftest -Wall -fPIC  -I/usr/include -I/usr/local/include -I./ -D_GNU_SOURCE  -L/usr/lib -L/usr/local/lib conftest.c  >&5
configure:4423: $? = 0
configure:4454: result: none required
configure:4555: checking for size_t
configure:4583: gcc -std=gnu99 -c -Wall -fPIC  -I/usr/include -I/usr/local/include -I./ -D_GNU_SOURCE conftest.c >&5
configure:4590: $? = 0
configure:4617: gcc -std=gnu99 -c -Wall -fPIC  -I/usr/include -I/usr/local/include -I./ -D_GNU_SOURCE conftest.c >&5
conftest.c: In function 'main':
conftest.c:57:21: error: expected expression before ')' token
configure:4624: $? = 1
configure: failed program was:
| /* confdefs.h.  */
| #define PACKAGE_NAME "qDecoder"
| #define PACKAGE_TARNAME "qdecoder"
| #define PACKAGE_VERSION "12 RELEASE"
| #define PACKAGE_STRING "qDecoder 12 RELEASE"
| #define PACKAGE_BUGREPORT "http://www.qdecoder.org/"
| #define STDC_HEADERS 1
| #define HAVE_SYS_TYPES_H 1
| #define HAVE_SYS_STAT_H 1
| #define HAVE_STDLIB_H 1
| #define HAVE_STRING_H 1
| #define HAVE_MEMORY_H 1
| #define HAVE_STRINGS_H 1
| #define HAVE_INTTYPES_H 1
| #define HAVE_STDINT_H 1
| #define HAVE_UNISTD_H 1
| #define HAVE__BOOL 1
| #define HAVE_STDBOOL_H 1
| #define HAVE_DIRENT_H 1
| /* end confdefs.h.  */
| #include <stdio.h>
| #ifdef HAVE_SYS_TYPES_H
| # include <sys/types.h>
| #endif
| #ifdef HAVE_SYS_STAT_H
| # include <sys/stat.h>
| #endif
| #ifdef STDC_HEADERS
| # include <stdlib.h>
| # include <stddef.h>
| #else
| # ifdef HAVE_STDLIB_H
| #  include <stdlib.h>
| # endif
| #endif
| #ifdef HAVE_STRING_H
| # if !defined STDC_HEADERS && defined HAVE_MEMORY_H
| #  include <memory.h>
| # endif
| # include <string.h>
| #endif
| #ifdef HAVE_STRINGS_H
| # include <strings.h>
| #endif
| #ifdef HAVE_INTTYPES_H
| # include <inttypes.h>
| #endif
| #ifdef HAVE_STDINT_H
| # include <stdint.h>
| #endif
| #ifdef HAVE_UNISTD_H
| # include <unistd.h>
| #endif
| int
| main ()
| {
| if (sizeof ((size_t)))
| 	  return 0;
|   ;
|   return 0;
| }
configure:4647: result: yes
configure:4659: checking for off_t
configure:4687: gcc -std=gnu99 -c -Wall -fPIC  -I/usr/include -I/usr/local/include -I./ -D_GNU_SOURCE conftest.c >&5
configure:4694: $? = 0
configure:4721: gcc -std=gnu99 -c -Wall -fPIC  -I/usr/include -I/usr/local/include -I./ -D_GNU_SOURCE conftest.c >&5
conftest.c: In function 'main':
conftest.c:57:20: error: expected expression before ')' token
configure:4728: $? = 1
configure: failed program was:
| /* confdefs.h.  */
| #define PACKAGE_NAME "qDecoder"
| #define PACKAGE_TARNAME "qdecoder"
| #define PACKAGE_VERSION "12 RELEASE"
| #define PACKAGE_STRING "qDecoder 12 RELEASE"
| #define PACKAGE_BUGREPORT "http://www.qdecoder.org/"
| #define STDC_HEADERS 1
| #define HAVE_SYS_TYPES_H 1
| #define HAVE_SYS_STAT_H 1
| #define HAVE_STDLIB_H 1
| #define HAVE_STRING_H 1
| #define HAVE_MEMORY_H 1
| #define HAVE_STRINGS_H 1
| #define HAVE_INTTYPES_H 1
| #define HAVE_STDINT_H 1
| #define HAVE_UNISTD_H 1
| #define HAVE__BOOL 1
| #define HAVE_STDBOOL_H 1
| #define HAVE_DIRENT_H 1
| /* end confdefs.h.  */
| #include <stdio.h>
| #ifdef HAVE_SYS_TYPES_H
| # include <sys/types.h>
| #endif
| #ifdef HAVE_SYS_STAT_H
| # include <sys/stat.h>
| #endif
| #ifdef STDC_HEADERS
| # include <stdlib.h>
| # include <stddef.h>
| #else
| # ifdef HAVE_STDLIB_H
| #  include <stdlib.h>
| # endif
| #endif
| #ifdef HAVE_STRING_H
| # if !defined STDC_HEADERS && defined HAVE_MEMORY_H
| #  include <memory.h>
| # endif
| # include <string.h>
| #endif
| #ifdef HAVE_STRINGS_H
| # include <strings.h>
| #endif
| #ifdef HAVE_INTTYPES_H
| # include <inttypes.h>
| #endif
| #ifdef HAVE_STDINT_H
| # include <stdint.h>
| #endif
| #ifdef HAVE_UNISTD_H
| # include <unistd.h>
| #endif
| int
| main ()
| {
| if (sizeof ((off_t)))
| 	  return 0;
|   ;
|   return 0;
| }
configure:4751: result: yes
configure:4841: CFLAGS -Wall -fPIC -g
configure:4843: CPPFLAGS  -I/usr/include -I/usr/local/include -I./ -D_GNU_SOURCE
configure:4845: LIBS 
configure:4951: creating ./config.status

## ---------------------- ##
## Running config.status. ##
## ---------------------- ##

This file was extended by qDecoder config.status 12 RELEASE, which was
generated by GNU Autoconf 2.63.  Invocation command line was

  CONFIG_FILES    = 
  CONFIG_HEADERS  = 
  CONFIG_LINKS    = 
  CONFIG_COMMANDS = 
  $ ./config.status 

on Turing

config.status:737: creating Makefile
config.status:737: creating src/Makefile
config.status:737: creating examples/Makefile
config.status:737: creating config.h

## ---------------- ##
## Cache variables. ##
## ---------------- ##

ac_cv_c_compiler_gnu=yes
ac_cv_env_CC_set=
ac_cv_env_CC_value=
ac_cv_env_CFLAGS_set=
ac_cv_env_CFLAGS_value=
ac_cv_env_CPPFLAGS_set=
ac_cv_env_CPPFLAGS_value=
ac_cv_env_CPP_set=
ac_cv_env_CPP_value=
ac_cv_env_LDFLAGS_set=
ac_cv_env_LDFLAGS_value=
ac_cv_env_LIBS_set=
ac_cv_env_LIBS_value=
ac_cv_env_build_alias_set=
ac_cv_env_build_alias_value=
ac_cv_env_host_alias_set=
ac_cv_env_host_alias_value=
ac_cv_env_target_alias_set=
ac_cv_env_target_alias_value=
ac_cv_header_dirent_dirent_h=yes
ac_cv_header_inttypes_h=yes
ac_cv_header_memory_h=yes
ac_cv_header_stdbool_h=yes
ac_cv_header_stdc=yes
ac_cv_header_stdint_h=yes
ac_cv_header_stdlib_h=yes
ac_cv_header_string_h=yes
ac_cv_header_strings_h=yes
ac_cv_header_sys_stat_h=yes
ac_cv_header_sys_types_h=yes
ac_cv_header_unistd_h=yes
ac_cv_objext=o
ac_cv_path_AR=/usr/bin/ar
ac_cv_path_CHMOD=/bin/chmod
ac_cv_path_EGREP='/bin/grep -E'
ac_cv_path_GREP=/bin/grep
ac_cv_path_LD=/usr/bin/ld
ac_cv_path_RM=/bin/rm
ac_cv_path_install='/usr/bin/install -c'
ac_cv_prog_CPP='gcc -std=gnu99 -E'
ac_cv_prog_ac_ct_CC=gcc
ac_cv_prog_ac_ct_RANLIB=ranlib
ac_cv_prog_cc_c89=
ac_cv_prog_cc_c99=-std=gnu99
ac_cv_prog_cc_g=yes
ac_cv_prog_make_make_set=yes
ac_cv_search_opendir='none required'
ac_cv_type__Bool=yes
ac_cv_type_off_t=yes
ac_cv_type_size_t=yes

## ----------------- ##
## Output variables. ##
## ----------------- ##

AR='/usr/bin/ar'
CC='gcc -std=gnu99'
CFLAGS='-Wall -fPIC -g'
CHMOD='/bin/chmod'
CPP='gcc -std=gnu99 -E'
CPPFLAGS=' -I/usr/include -I/usr/local/include -I./ -D_GNU_SOURCE'
DEFS='-DHAVE_CONFIG_H'
ECHO_C=''
ECHO_N='-n'
ECHO_T=''
EGREP='/bin/grep -E'
EXEEXT=''
GREP='/bin/grep'
INSTALL_DATA='${INSTALL} -m 644'
INSTALL_PROGRAM='${INSTALL}'
INSTALL_SCRIPT='${INSTALL}'
LD='/usr/bin/ld'
LDFLAGS=' -L/usr/lib -L/usr/local/lib'
LIBOBJS=''
LIBS=''
LN_S='ln -s'
LTLIBOBJS=''
OBJEXT='o'
PACKAGE_BUGREPORT='http://www.qdecoder.org/'
PACKAGE_NAME='qDecoder'
PACKAGE_STRING='qDecoder 12 RELEASE'
PACKAGE_TARNAME='qdecoder'
PACKAGE_VERSION='12 RELEASE'
PATH_SEPARATOR=':'
RANLIB='ranlib'
RM='/bin/rm'
SET_MAKE=''
SHELL='/bin/bash'
ac_ct_CC='gcc'
bindir='${exec_prefix}/bin'
build_alias=''
datadir='${datarootdir}'
datarootdir='${prefix}/share'
docdir='${datarootdir}/doc/${PACKAGE_TARNAME}'
dvidir='${docdir}'
exec_prefix='${prefix}'
host_alias=''
htmldir='${docdir}'
includedir='${prefix}/include'
infodir='${datarootdir}/info'
libdir='${exec_prefix}/lib'
libexecdir='${exec_prefix}/libexec'
localedir='${datarootdir}/locale'
localstatedir='${prefix}/var'
mandir='${datarootdir}/man'
oldincludedir='/usr/include'
pdfdir='${docdir}'
prefix='/usr/local'
program_transform_name='s,x,x,'
psdir='${docdir}'
sbindir='${exec_prefix}/sbin'
sharedstatedir='${prefix}/com'
sysconfdir='${prefix}/etc'
target_alias=''

## ----------- ##
## confdefs.h. ##
## ----------- ##

#define PACKAGE_NAME "qDecoder"
#define PACKAGE_TARNAME "qdecoder"
#define PACKAGE_VERSION "12 RELEASE"
#define PACKAGE_STRING "qDecoder 12 RELEASE"
#define PACKAGE_BUGREPORT "http://www.qdecoder.org/"
#define STDC_HEADERS 1
#define HAVE_SYS_TYPES_H 1
#define HAVE_SYS_STAT_H 1
#define HAVE_STDLIB_H 1
#define HAVE_STRING_H 1
#define HAVE_MEMORY_H 1
#define HAVE_STRINGS_H 1
#define HAVE_INTTYPES_H 1
#define HAVE_STDINT_H 1
#define HAVE_UNISTD_H 1
#define HAVE__BOOL 1
#define HAVE_STDBOOL_H 1
#define HAVE_DIRENT_H 1

configure: exit 0
